c:\users\cyh\documents\github\2017_ngp\server\net_termproject_server\x64\release\net_termproject_server.pch
c:\users\cyh\documents\github\2017_ngp\server\net_termproject_server\x64\release\vc141.pdb
c:\users\cyh\documents\github\2017_ngp\server\net_termproject_server\x64\release\stdafx.obj
c:\users\cyh\documents\github\2017_ngp\server\net_termproject_server\x64\release\serverframework.obj
c:\users\cyh\documents\github\2017_ngp\server\net_termproject_server\x64\release\net_termproject_server.obj
d:\공부\3학년 2학기\네트워크 게임 프로그래밍\텀플\2019\2017_ngp\server\net_termproject_server\x64\release\net_termproject_server.pch
d:\공부\3학년 2학기\네트워크 게임 프로그래밍\텀플\2019\2017_ngp\server\net_termproject_server\x64\release\vc141.pdb
d:\공부\3학년 2학기\네트워크 게임 프로그래밍\텀플\2019\2017_ngp\server\net_termproject_server\x64\release\stdafx.obj
d:\공부\3학년 2학기\네트워크 게임 프로그래밍\텀플\2019\2017_ngp\server\net_termproject_server\x64\release\serverframework.obj
d:\공부\3학년 2학기\네트워크 게임 프로그래밍\텀플\2019\2017_ngp\server\net_termproject_server\x64\release\net_termproject_server.obj
c:\users\cyh\documents\github\2017_ngp\server\net_termproject_server\x64\release\net_termproject_server.exe
c:\users\cyh\documents\github\2017_ngp\server\net_termproject_server\x64\release\net_termproject_server.pdb
d:\공부\3학년 2학기\네트워크 게임 프로그래밍\텀플\2019\2017_ngp\server\net_termproject_server\x64\release\net_termproject_server.exe
d:\공부\3학년 2학기\네트워크 게임 프로그래밍\텀플\2019\2017_ngp\server\net_termproject_server\x64\release\net_termproject_server.pdb
c:\users\cyh\documents\github\2017_ngp\server\net_termproject_server\x64\release\net_termproject_server.ipdb
c:\users\cyh\documents\github\2017_ngp\server\net_termproject_server\x64\release\net_termproject_server.iobj
d:\공부\3학년 2학기\네트워크 게임 프로그래밍\텀플\2019\2017_ngp\server\net_termproject_server\x64\release\net_termproject_server.ipdb
d:\공부\3학년 2학기\네트워크 게임 프로그래밍\텀플\2019\2017_ngp\server\net_termproject_server\x64\release\net_termproject_server.iobj
d:\공부\3학년 2학기\네트워크 게임 프로그래밍\텀플\2019\2017_ngp\server\net_termproject_server\x64\release\net_term.098a6498.tlog\cl.command.1.tlog
d:\공부\3학년 2학기\네트워크 게임 프로그래밍\텀플\2019\2017_ngp\server\net_termproject_server\x64\release\net_term.098a6498.tlog\cl.read.1.tlog
d:\공부\3학년 2학기\네트워크 게임 프로그래밍\텀플\2019\2017_ngp\server\net_termproject_server\x64\release\net_term.098a6498.tlog\cl.write.1.tlog
d:\공부\3학년 2학기\네트워크 게임 프로그래밍\텀플\2019\2017_ngp\server\net_termproject_server\x64\release\net_term.098a6498.tlog\link.command.1.tlog
d:\공부\3학년 2학기\네트워크 게임 프로그래밍\텀플\2019\2017_ngp\server\net_termproject_server\x64\release\net_term.098a6498.tlog\link.read.1.tlog
d:\공부\3학년 2학기\네트워크 게임 프로그래밍\텀플\2019\2017_ngp\server\net_termproject_server\x64\release\net_term.098a6498.tlog\link.write.1.tlog
d:\공부\3학년 2학기\네트워크 게임 프로그래밍\텀플\2019\2017_ngp\server\net_termproject_server\x64\release\net_term.098a6498.tlog\net_termproject_server.write.1u.tlog
